<?xml version="1.0" encoding="UTF-8"?>
<testng-results ignored="0" total="1" passed="1" failed="0" skipped="0">
  <reporter-output>
  </reporter-output>
  <suite started-at="2024-07-07T21:06:05 IST" name="Default suite" finished-at="2024-07-07T21:06:24 IST" duration-ms="18970">
    <groups>
    </groups>
    <test started-at="2024-07-07T21:06:05 IST" name="Default test" finished-at="2024-07-07T21:06:24 IST" duration-ms="18970">
      <class name="My_Package.ebay">
        <test-method is-config="true" signature="setup()[pri:0, instance:My_Package.ebay@2cf3d63b]" started-at="2024-07-07T21:06:05 IST" name="setup" finished-at="2024-07-07T21:06:10 IST" duration-ms="4821" status="PASS">
          <reporter-output>
          </reporter-output>
        </test-method> <!-- setup -->
        <test-method signature="tc1()[pri:0, instance:My_Package.ebay@2cf3d63b]" started-at="2024-07-07T21:06:10 IST" name="tc1" finished-at="2024-07-07T21:06:21 IST" duration-ms="10729" status="PASS">
          <reporter-output>
          </reporter-output>
        </test-method> <!-- tc1 -->
        <test-method is-config="true" signature="teardwon()[pri:0, instance:My_Package.ebay@2cf3d63b]" started-at="2024-07-07T21:06:21 IST" name="teardwon" finished-at="2024-07-07T21:06:24 IST" duration-ms="3330" status="PASS">
          <reporter-output>
          </reporter-output>
        </test-method> <!-- teardwon -->
      </class> <!-- My_Package.ebay -->
    </test> <!-- Default test -->
  </suite> <!-- Default suite -->
</testng-results>
