<?xml version="1.0" encoding="UTF-8"?>
<testng-results ignored="0" total="1" passed="1" failed="0" skipped="0">
  <reporter-output>
  </reporter-output>
  <suite started-at="2024-07-07T21:20:40 IST" name="Default suite" finished-at="2024-07-07T21:20:53 IST" duration-ms="12920">
    <groups>
    </groups>
    <test started-at="2024-07-07T21:20:40 IST" name="Default test" finished-at="2024-07-07T21:20:53 IST" duration-ms="12920">
      <class name="My_Package.snapdeal">
        <test-method is-config="true" signature="setup()[pri:0, instance:My_Package.snapdeal@2cf3d63b]" started-at="2024-07-07T21:20:40 IST" name="setup" finished-at="2024-07-07T21:20:44 IST" duration-ms="4160" status="PASS">
          <reporter-output>
          </reporter-output>
        </test-method> <!-- setup -->
        <test-method signature="tc1()[pri:0, instance:My_Package.snapdeal@2cf3d63b]" started-at="2024-07-07T21:20:44 IST" name="tc1" finished-at="2024-07-07T21:20:49 IST" duration-ms="5437" status="PASS">
          <reporter-output>
          </reporter-output>
        </test-method> <!-- tc1 -->
        <test-method is-config="true" signature="teardwon()[pri:0, instance:My_Package.snapdeal@2cf3d63b]" started-at="2024-07-07T21:20:49 IST" name="teardwon" finished-at="2024-07-07T21:20:53 IST" duration-ms="3247" status="PASS">
          <reporter-output>
          </reporter-output>
        </test-method> <!-- teardwon -->
      </class> <!-- My_Package.snapdeal -->
    </test> <!-- Default test -->
  </suite> <!-- Default suite -->
</testng-results>
